<?xml version="1.0" encoding="UTF-8"?>
<testng-results ignored="0" total="2" passed="2" failed="0" skipped="0">
  <reporter-output>
  </reporter-output>
  <suite started-at="2022-12-09T13:15:58 IST" name="Suite" finished-at="2022-12-09T13:16:39 IST" duration-ms="41440">
    <groups>
    </groups>
    <test started-at="2022-12-09T13:15:58 IST" name="Test" finished-at="2022-12-09T13:16:39 IST" duration-ms="41440">
      <class name="Testcases.LoginTestCase">
        <test-method is-config="true" signature="launch()[pri:0, instance:Testcases.LoginTestCase@bd4dc25]" started-at="2022-12-09T13:15:58 IST" name="launch" finished-at="2022-12-09T13:16:09 IST" duration-ms="11110" status="PASS">
          <reporter-output>
          </reporter-output>
        </test-method> <!-- launch -->
        <test-method signature="login()[pri:0, instance:Testcases.LoginTestCase@bd4dc25]" started-at="2022-12-09T13:16:09 IST" name="login" finished-at="2022-12-09T13:16:09 IST" duration-ms="668" status="PASS">
          <reporter-output>
          </reporter-output>
        </test-method> <!-- login -->
      </class> <!-- Testcases.LoginTestCase -->
      <class name="Testcases.SignUpTestCase">
        <test-method is-config="true" signature="launch()[pri:0, instance:Testcases.SignUpTestCase@593aaf41]" started-at="2022-12-09T13:16:09 IST" name="launch" finished-at="2022-12-09T13:16:21 IST" duration-ms="11411" status="PASS">
          <reporter-output>
          </reporter-output>
        </test-method> <!-- launch -->
        <test-method signature="VerifySignUp()[pri:0, instance:Testcases.SignUpTestCase@593aaf41]" started-at="2022-12-09T13:16:21 IST" name="VerifySignUp" finished-at="2022-12-09T13:16:39 IST" duration-ms="18214" status="PASS">
          <reporter-output>
          </reporter-output>
        </test-method> <!-- VerifySignUp -->
      </class> <!-- Testcases.SignUpTestCase -->
    </test> <!-- Test -->
  </suite> <!-- Suite -->
</testng-results>
